[debug] [2020-10-04T01:07:39.565Z] ----------------------------------------------------------------------
[debug] [2020-10-04T01:07:39.567Z] Command:       /usr/local/bin/node /usr/local/bin/firebase deploy
[debug] [2020-10-04T01:07:39.568Z] CLI Version:   8.11.2
[debug] [2020-10-04T01:07:39.568Z] Platform:      darwin
[debug] [2020-10-04T01:07:39.568Z] Node Version:  v12.18.4
[debug] [2020-10-04T01:07:39.569Z] Time:          Sat Oct 03 2020 21:07:39 GMT-0400 (Eastern Daylight Time)
[debug] [2020-10-04T01:07:39.570Z] ----------------------------------------------------------------------
[debug] [2020-10-04T01:07:39.570Z] 
[debug] [2020-10-04T01:07:39.578Z] > command requires scopes: ["email","openid","https://www.googleapis.com/auth/cloudplatformprojects.readonly","https://www.googleapis.com/auth/firebase","https://www.googleapis.com/auth/cloud-platform"]
[debug] [2020-10-04T01:07:39.579Z] > authorizing via signed-in user
[debug] [2020-10-04T01:07:39.579Z] [iam] checking project messenger-clone-bfd95 for permissions ["firebase.projects.get","firebasehosting.sites.update"]
[debug] [2020-10-04T01:07:39.583Z] >>> HTTP REQUEST POST https://cloudresourcemanager.googleapis.com/v1/projects/messenger-clone-bfd95:testIamPermissions  
 {"permissions":["firebase.projects.get","firebasehosting.sites.update"]}
[debug] [2020-10-04T01:07:40.038Z] <<< HTTP RESPONSE 200 {"content-type":"application/json; charset=UTF-8","vary":"X-Origin, Referer, Origin,Accept-Encoding","date":"Sun, 04 Oct 2020 01:07:41 GMT","server":"ESF","cache-control":"private","x-xss-protection":"0","x-frame-options":"SAMEORIGIN","x-content-type-options":"nosniff","server-timing":"gfet4t7; dur=228","alt-svc":"h3-Q050=\":443\"; ma=2592000,h3-29=\":443\"; ma=2592000,h3-27=\":443\"; ma=2592000,h3-T051=\":443\"; ma=2592000,h3-T050=\":443\"; ma=2592000,h3-Q046=\":443\"; ma=2592000,h3-Q043=\":443\"; ma=2592000,quic=\":443\"; ma=2592000; v=\"46,43\"","accept-ranges":"none","transfer-encoding":"chunked"}
[debug] [2020-10-04T01:07:40.040Z] [iam] error while checking permissions, command may fail: FirebaseError: Authorization failed. This account is missing the following required permissions on project messenger-clone-bfd95:

  firebase.projects.get
  firebasehosting.sites.update
[debug] [2020-10-04T01:07:40.041Z] >>> HTTP REQUEST GET https://firebase.googleapis.com/v1beta1/projects/messenger-clone-bfd95  
 
[debug] [2020-10-04T01:07:40.442Z] <<< HTTP RESPONSE 403 {"vary":"X-Origin, Referer, Origin,Accept-Encoding","content-type":"application/json; charset=UTF-8","date":"Sun, 04 Oct 2020 01:07:41 GMT","server":"ESF","cache-control":"private","x-xss-protection":"0","x-frame-options":"SAMEORIGIN","x-content-type-options":"nosniff","alt-svc":"h3-Q050=\":443\"; ma=2592000,h3-29=\":443\"; ma=2592000,h3-27=\":443\"; ma=2592000,h3-T051=\":443\"; ma=2592000,h3-T050=\":443\"; ma=2592000,h3-Q046=\":443\"; ma=2592000,h3-Q043=\":443\"; ma=2592000,quic=\":443\"; ma=2592000; v=\"46,43\"","accept-ranges":"none","transfer-encoding":"chunked"}
[debug] [2020-10-04T01:07:40.442Z] <<< HTTP RESPONSE BODY {"error":{"code":403,"message":"The caller does not have permission","status":"PERMISSION_DENIED"}}
[debug] [2020-10-04T01:07:40.444Z] HTTP Error: 403, The caller does not have permission
[debug] [2020-10-04T01:07:40.521Z] FirebaseError: HTTP Error: 403, The caller does not have permission
    at module.exports (/usr/local/lib/node_modules/firebase-tools/lib/responseToError.js:38:12)
    at Request._callback (/usr/local/lib/node_modules/firebase-tools/lib/api.js:41:35)
    at Request.self.callback (/usr/local/lib/node_modules/firebase-tools/node_modules/request/request.js:185:22)
    at Request.emit (events.js:315:20)
    at Request.EventEmitter.emit (domain.js:483:12)
    at Request.<anonymous> (/usr/local/lib/node_modules/firebase-tools/node_modules/request/request.js:1154:10)
    at Request.emit (events.js:315:20)
    at Request.EventEmitter.emit (domain.js:483:12)
    at IncomingMessage.<anonymous> (/usr/local/lib/node_modules/firebase-tools/node_modules/request/request.js:1076:12)
    at Object.onceWrapper (events.js:421:28)
    at IncomingMessage.emit (events.js:327:22)
    at IncomingMessage.EventEmitter.emit (domain.js:483:12)
    at endReadableNT (_stream_readable.js:1220:12)
    at processTicksAndRejections (internal/process/task_queues.js:84:21)
[error] 
[error] Error: Failed to get Firebase project messenger-clone-bfd95. Please make sure the project exists and your account has permission to access it.
